0 info it worked if it ends with ok
1 verbose cli [ '/usr/local/Cellar/node/5.5.0/bin/node',
1 verbose cli   '/usr/local/bin/npm',
1 verbose cli   'install' ]
2 info using npm@3.5.3
3 info using node@v5.5.0
4 silly loadCurrentTree Starting
5 silly install loadCurrentTree
6 silly install readLocalPackageData
7 silly install normalizeTree
8 silly loadCurrentTree Finishing
9 silly loadIdealTree Starting
10 silly install loadIdealTree
11 silly cloneCurrentTree Starting
12 silly install cloneCurrentTreeToIdealTree
13 silly cloneCurrentTree Finishing
14 silly loadShrinkwrap Starting
15 silly install loadShrinkwrap
16 silly loadShrinkwrap Finishing
17 silly loadAllDepsIntoIdealTree Starting
18 silly install loadAllDepsIntoIdealTree
19 silly fetchNamedPackageData babel-brunch
20 silly mapToRegistry name babel-brunch
21 silly mapToRegistry using default registry
22 silly mapToRegistry registry https://registry.npmjs.org/
23 silly mapToRegistry uri https://registry.npmjs.org/babel-brunch
24 silly fetchNamedPackageData brunch
25 silly mapToRegistry name brunch
26 silly mapToRegistry using default registry
27 silly mapToRegistry registry https://registry.npmjs.org/
28 silly mapToRegistry uri https://registry.npmjs.org/brunch
29 silly fetchNamedPackageData clean-css-brunch
30 silly mapToRegistry name clean-css-brunch
31 silly mapToRegistry using default registry
32 silly mapToRegistry registry https://registry.npmjs.org/
33 silly mapToRegistry uri https://registry.npmjs.org/clean-css-brunch
34 silly fetchNamedPackageData css-brunch
35 silly mapToRegistry name css-brunch
36 silly mapToRegistry using default registry
37 silly mapToRegistry registry https://registry.npmjs.org/
38 silly mapToRegistry uri https://registry.npmjs.org/css-brunch
39 silly fetchNamedPackageData javascript-brunch
40 silly mapToRegistry name javascript-brunch
41 silly mapToRegistry using default registry
42 silly mapToRegistry registry https://registry.npmjs.org/
43 silly mapToRegistry uri https://registry.npmjs.org/javascript-brunch
44 silly fetchNamedPackageData uglify-js-brunch
45 silly mapToRegistry name uglify-js-brunch
46 silly mapToRegistry using default registry
47 silly mapToRegistry registry https://registry.npmjs.org/
48 silly mapToRegistry uri https://registry.npmjs.org/uglify-js-brunch
49 silly fetchOtherPackageData phoenix@file:deps/phoenix
50 silly cache add args [ 'phoenix@file:deps/phoenix', null ]
51 verbose cache add spec phoenix@file:deps/phoenix
52 silly fetchOtherPackageData phoenix_html@file:deps/phoenix_html
53 silly cache add args [ 'phoenix_html@file:deps/phoenix_html', null ]
54 verbose cache add spec phoenix_html@file:deps/phoenix_html
55 verbose request uri https://registry.npmjs.org/babel-brunch
56 verbose request no auth needed
57 info attempt registry request try #1 at 1:32:34 PM
58 verbose request id 065d23d38f779faf
59 http request GET https://registry.npmjs.org/babel-brunch
60 verbose request uri https://registry.npmjs.org/brunch
61 verbose request no auth needed
62 info attempt registry request try #1 at 1:32:34 PM
63 http request GET https://registry.npmjs.org/brunch
64 verbose request uri https://registry.npmjs.org/clean-css-brunch
65 verbose request no auth needed
66 info attempt registry request try #1 at 1:32:34 PM
67 http request GET https://registry.npmjs.org/clean-css-brunch
68 verbose request uri https://registry.npmjs.org/css-brunch
69 verbose request no auth needed
70 info attempt registry request try #1 at 1:32:34 PM
71 http request GET https://registry.npmjs.org/css-brunch
72 verbose request uri https://registry.npmjs.org/javascript-brunch
73 verbose request no auth needed
74 info attempt registry request try #1 at 1:32:34 PM
75 http request GET https://registry.npmjs.org/javascript-brunch
76 verbose request uri https://registry.npmjs.org/uglify-js-brunch
77 verbose request no auth needed
78 info attempt registry request try #1 at 1:32:34 PM
79 http request GET https://registry.npmjs.org/uglify-js-brunch
80 silly cache add parsed spec Result {
80 silly cache add   raw: 'phoenix@file:deps/phoenix',
80 silly cache add   scope: null,
80 silly cache add   name: 'phoenix',
80 silly cache add   rawSpec: 'file:deps/phoenix',
80 silly cache add   spec: '/Users/draper/code/community/deps/phoenix',
80 silly cache add   type: 'local' }
81 silly cache add parsed spec Result {
81 silly cache add   raw: 'phoenix_html@file:deps/phoenix_html',
81 silly cache add   scope: null,
81 silly cache add   name: 'phoenix_html',
81 silly cache add   rawSpec: 'file:deps/phoenix_html',
81 silly cache add   spec: '/Users/draper/code/community/deps/phoenix_html',
81 silly cache add   type: 'local' }
82 error addLocal Could not install /Users/draper/code/community/deps/phoenix
83 silly fetchPackageMetaData Error: ENOENT: no such file or directory, open '/Users/draper/code/community/deps/phoenix'
83 silly fetchPackageMetaData     at Error (native)
83 silly fetchPackageMetaData  error for phoenix@file:deps/phoenix { [Error: ENOENT: no such file or directory, open '/Users/draper/code/community/deps/phoenix']
83 silly fetchPackageMetaData   errno: -2,
83 silly fetchPackageMetaData   code: 'ENOENT',
83 silly fetchPackageMetaData   syscall: 'open',
83 silly fetchPackageMetaData   path: '/Users/draper/code/community/deps/phoenix' }
84 error addLocal Could not install /Users/draper/code/community/deps/phoenix_html
85 silly fetchPackageMetaData Error: ENOENT: no such file or directory, open '/Users/draper/code/community/deps/phoenix_html'
85 silly fetchPackageMetaData     at Error (native)
85 silly fetchPackageMetaData  error for phoenix_html@file:deps/phoenix_html { [Error: ENOENT: no such file or directory, open '/Users/draper/code/community/deps/phoenix_html']
85 silly fetchPackageMetaData   errno: -2,
85 silly fetchPackageMetaData   code: 'ENOENT',
85 silly fetchPackageMetaData   syscall: 'open',
85 silly fetchPackageMetaData   path: '/Users/draper/code/community/deps/phoenix_html' }
86 http 200 https://registry.npmjs.org/css-brunch
87 verbose headers { server: 'CouchDB/1.5.0 (Erlang OTP/R16B03)',
87 verbose headers   etag: '"3MLMEF015LTF3ST910NBEPF6Z"',
87 verbose headers   'content-type': 'application/json',
87 verbose headers   'cache-control': 'max-age=300',
87 verbose headers   'content-length': '10863',
87 verbose headers   'accept-ranges': 'bytes',
87 verbose headers   date: 'Sat, 06 Feb 2016 18:32:34 GMT',
87 verbose headers   via: '1.1 varnish',
87 verbose headers   age: '0',
87 verbose headers   connection: 'keep-alive',
87 verbose headers   'x-served-by': 'cache-iad2134-IAD',
87 verbose headers   'x-cache': 'HIT',
87 verbose headers   'x-cache-hits': '1',
87 verbose headers   'x-timer': 'S1454783554.292098,VS0,VE56',
87 verbose headers   vary: 'Accept' }
88 silly get cb [ 200,
88 silly get   { server: 'CouchDB/1.5.0 (Erlang OTP/R16B03)',
88 silly get     etag: '"3MLMEF015LTF3ST910NBEPF6Z"',
88 silly get     'content-type': 'application/json',
88 silly get     'cache-control': 'max-age=300',
88 silly get     'content-length': '10863',
88 silly get     'accept-ranges': 'bytes',
88 silly get     date: 'Sat, 06 Feb 2016 18:32:34 GMT',
88 silly get     via: '1.1 varnish',
88 silly get     age: '0',
88 silly get     connection: 'keep-alive',
88 silly get     'x-served-by': 'cache-iad2134-IAD',
88 silly get     'x-cache': 'HIT',
88 silly get     'x-cache-hits': '1',
88 silly get     'x-timer': 'S1454783554.292098,VS0,VE56',
88 silly get     vary: 'Accept' } ]
89 verbose get saving css-brunch to /Users/draper/.npm/registry.npmjs.org/css-brunch/.cache.json
90 http 200 https://registry.npmjs.org/babel-brunch
91 verbose headers { server: 'CouchDB/1.5.0 (Erlang OTP/R16B03)',
91 verbose headers   etag: '"6UDF2GRX43BIZTQ9772DRSL2T"',
91 verbose headers   'content-type': 'application/json',
91 verbose headers   'cache-control': 'max-age=300',
91 verbose headers   'content-length': '10242',
91 verbose headers   'accept-ranges': 'bytes',
91 verbose headers   date: 'Sat, 06 Feb 2016 18:32:34 GMT',
91 verbose headers   via: '1.1 varnish',
91 verbose headers   age: '0',
91 verbose headers   connection: 'keep-alive',
91 verbose headers   'x-served-by': 'cache-iad2141-IAD',
91 verbose headers   'x-cache': 'HIT',
91 verbose headers   'x-cache-hits': '1',
91 verbose headers   'x-timer': 'S1454783554.299628,VS0,VE56',
91 verbose headers   vary: 'Accept' }
92 silly get cb [ 200,
92 silly get   { server: 'CouchDB/1.5.0 (Erlang OTP/R16B03)',
92 silly get     etag: '"6UDF2GRX43BIZTQ9772DRSL2T"',
92 silly get     'content-type': 'application/json',
92 silly get     'cache-control': 'max-age=300',
92 silly get     'content-length': '10242',
92 silly get     'accept-ranges': 'bytes',
92 silly get     date: 'Sat, 06 Feb 2016 18:32:34 GMT',
92 silly get     via: '1.1 varnish',
92 silly get     age: '0',
92 silly get     connection: 'keep-alive',
92 silly get     'x-served-by': 'cache-iad2141-IAD',
92 silly get     'x-cache': 'HIT',
92 silly get     'x-cache-hits': '1',
92 silly get     'x-timer': 'S1454783554.299628,VS0,VE56',
92 silly get     vary: 'Accept' } ]
93 verbose get saving babel-brunch to /Users/draper/.npm/registry.npmjs.org/babel-brunch/.cache.json
94 verbose makeDirectory /Users/draper/.npm creation not in flight; initializing
95 silly makeDirectory /Users/draper/.npm uid: 501 gid: 20
96 verbose makeDirectory /Users/draper/.npm creation already in flight; waiting
97 http 200 https://registry.npmjs.org/javascript-brunch
98 verbose headers { server: 'CouchDB/1.5.0 (Erlang OTP/R16B03)',
98 verbose headers   etag: '"29I869TOMAOKBX6F9X34ADN83"',
98 verbose headers   'content-type': 'application/json',
98 verbose headers   'cache-control': 'max-age=300',
98 verbose headers   'content-length': '13721',
98 verbose headers   'accept-ranges': 'bytes',
98 verbose headers   date: 'Sat, 06 Feb 2016 18:32:34 GMT',
98 verbose headers   via: '1.1 varnish',
98 verbose headers   age: '0',
98 verbose headers   connection: 'keep-alive',
98 verbose headers   'x-served-by': 'cache-iad2121-IAD',
98 verbose headers   'x-cache': 'HIT',
98 verbose headers   'x-cache-hits': '1',
98 verbose headers   'x-timer': 'S1454783554.308497,VS0,VE53',
98 verbose headers   vary: 'Accept' }
99 silly get cb [ 200,
99 silly get   { server: 'CouchDB/1.5.0 (Erlang OTP/R16B03)',
99 silly get     etag: '"29I869TOMAOKBX6F9X34ADN83"',
99 silly get     'content-type': 'application/json',
99 silly get     'cache-control': 'max-age=300',
99 silly get     'content-length': '13721',
99 silly get     'accept-ranges': 'bytes',
99 silly get     date: 'Sat, 06 Feb 2016 18:32:34 GMT',
99 silly get     via: '1.1 varnish',
99 silly get     age: '0',
99 silly get     connection: 'keep-alive',
99 silly get     'x-served-by': 'cache-iad2121-IAD',
99 silly get     'x-cache': 'HIT',
99 silly get     'x-cache-hits': '1',
99 silly get     'x-timer': 'S1454783554.308497,VS0,VE53',
99 silly get     vary: 'Accept' } ]
100 verbose get saving javascript-brunch to /Users/draper/.npm/registry.npmjs.org/javascript-brunch/.cache.json
101 silly resolveWithNewModule javascript-brunch@1.8.0 checking installable status
102 silly cache add args [ 'javascript-brunch@~1.8.0', null ]
103 verbose cache add spec javascript-brunch@~1.8.0
104 silly cache add parsed spec Result {
104 silly cache add   raw: 'javascript-brunch@~1.8.0',
104 silly cache add   scope: null,
104 silly cache add   name: 'javascript-brunch',
104 silly cache add   rawSpec: '~1.8.0',
104 silly cache add   spec: '>=1.8.0 <1.9.0',
104 silly cache add   type: 'range' }
105 silly addNamed javascript-brunch@>=1.8.0 <1.9.0
106 verbose addNamed ">=1.8.0 <1.9.0" is a valid semver range for javascript-brunch
107 silly addNameRange { name: 'javascript-brunch',
107 silly addNameRange   range: '>=1.8.0 <1.9.0',
107 silly addNameRange   hasData: false }
108 silly mapToRegistry name javascript-brunch
109 silly mapToRegistry using default registry
110 silly mapToRegistry registry https://registry.npmjs.org/
111 silly mapToRegistry uri https://registry.npmjs.org/javascript-brunch
112 verbose addNameRange registry:https://registry.npmjs.org/javascript-brunch not in flight; fetching
113 silly resolveWithNewModule babel-brunch@6.0.0 checking installable status
114 silly cache add args [ 'babel-brunch@~6.0.0', null ]
115 verbose cache add spec babel-brunch@~6.0.0
116 silly cache add parsed spec Result {
116 silly cache add   raw: 'babel-brunch@~6.0.0',
116 silly cache add   scope: null,
116 silly cache add   name: 'babel-brunch',
116 silly cache add   rawSpec: '~6.0.0',
116 silly cache add   spec: '>=6.0.0 <6.1.0',
116 silly cache add   type: 'range' }
117 silly addNamed babel-brunch@>=6.0.0 <6.1.0
118 verbose addNamed ">=6.0.0 <6.1.0" is a valid semver range for babel-brunch
119 silly addNameRange { name: 'babel-brunch', range: '>=6.0.0 <6.1.0', hasData: false }
120 silly mapToRegistry name babel-brunch
121 silly mapToRegistry using default registry
122 silly mapToRegistry registry https://registry.npmjs.org/
123 silly mapToRegistry uri https://registry.npmjs.org/babel-brunch
124 verbose addNameRange registry:https://registry.npmjs.org/babel-brunch not in flight; fetching
125 silly resolveWithNewModule css-brunch@1.7.0 checking installable status
126 silly cache add args [ 'css-brunch@~1.7.0', null ]
127 verbose cache add spec css-brunch@~1.7.0
128 silly cache add parsed spec Result {
128 silly cache add   raw: 'css-brunch@~1.7.0',
128 silly cache add   scope: null,
128 silly cache add   name: 'css-brunch',
128 silly cache add   rawSpec: '~1.7.0',
128 silly cache add   spec: '>=1.7.0 <1.8.0',
128 silly cache add   type: 'range' }
129 silly addNamed css-brunch@>=1.7.0 <1.8.0
130 verbose addNamed ">=1.7.0 <1.8.0" is a valid semver range for css-brunch
131 silly addNameRange { name: 'css-brunch', range: '>=1.7.0 <1.8.0', hasData: false }
132 silly mapToRegistry name css-brunch
133 silly mapToRegistry using default registry
134 silly mapToRegistry registry https://registry.npmjs.org/
135 silly mapToRegistry uri https://registry.npmjs.org/css-brunch
136 verbose addNameRange registry:https://registry.npmjs.org/css-brunch not in flight; fetching
137 verbose get https://registry.npmjs.org/babel-brunch not expired, no request
138 silly addNameRange number 2 { name: 'babel-brunch', range: '>=6.0.0 <6.1.0', hasData: true }
139 silly addNameRange versions [ 'babel-brunch',
139 silly addNameRange   [ '4.0.0', '5.0.0', '5.0.1', '5.1.0', '5.1.1', '5.1.2', '6.0.0' ] ]
140 silly addNamed babel-brunch@6.0.0
141 verbose addNamed "6.0.0" is a plain semver version for babel-brunch
142 verbose get https://registry.npmjs.org/javascript-brunch not expired, no request
143 silly addNameRange number 2 { name: 'javascript-brunch',
143 silly addNameRange   range: '>=1.8.0 <1.9.0',
143 silly addNameRange   hasData: true }
144 silly addNameRange versions [ 'javascript-brunch',
144 silly addNameRange   [ '1.0.0',
144 silly addNameRange     '1.1.0',
144 silly addNameRange     '1.1.1',
144 silly addNameRange     '1.3.0',
144 silly addNameRange     '1.5.0',
144 silly addNameRange     '1.5.1',
144 silly addNameRange     '1.6.0',
144 silly addNameRange     '1.7.0',
144 silly addNameRange     '1.7.1',
144 silly addNameRange     '1.8.0',
144 silly addNameRange     '2.0.0' ] ]
145 silly addNamed javascript-brunch@1.8.0
146 verbose addNamed "1.8.0" is a plain semver version for javascript-brunch
147 silly mapToRegistry name babel-brunch
148 silly mapToRegistry using default registry
149 silly mapToRegistry registry https://registry.npmjs.org/
150 silly mapToRegistry uri https://registry.npmjs.org/babel-brunch
151 verbose addRemoteTarball https://registry.npmjs.org/babel-brunch/-/babel-brunch-6.0.0.tgz not in flight; adding
152 verbose addRemoteTarball [ 'https://registry.npmjs.org/babel-brunch/-/babel-brunch-6.0.0.tgz',
152 verbose addRemoteTarball   '5f4f4a577c6a4ac46733b9daf3a71f872a6c493b' ]
153 silly mapToRegistry name javascript-brunch
154 silly mapToRegistry using default registry
155 silly mapToRegistry registry https://registry.npmjs.org/
156 silly mapToRegistry uri https://registry.npmjs.org/javascript-brunch
157 verbose addRemoteTarball https://registry.npmjs.org/javascript-brunch/-/javascript-brunch-1.8.0.tgz not in flight; adding
158 verbose addRemoteTarball [ 'https://registry.npmjs.org/javascript-brunch/-/javascript-brunch-1.8.0.tgz',
158 verbose addRemoteTarball   '9d01b681f9e4f66bbe51cc1dbb70325ef3d831a5' ]
159 verbose get https://registry.npmjs.org/css-brunch not expired, no request
160 silly addNameRange number 2 { name: 'css-brunch', range: '>=1.7.0 <1.8.0', hasData: true }
161 silly addNameRange versions [ 'css-brunch',
161 silly addNameRange   [ '1.0.0',
161 silly addNameRange     '1.1.0',
161 silly addNameRange     '1.1.1',
161 silly addNameRange     '1.3.0',
161 silly addNameRange     '1.5.0',
161 silly addNameRange     '1.5.1',
161 silly addNameRange     '1.6.0',
161 silly addNameRange     '1.7.0',
161 silly addNameRange     '2.0.0' ] ]
162 silly addNamed css-brunch@1.7.0
163 verbose addNamed "1.7.0" is a plain semver version for css-brunch
164 silly mapToRegistry name css-brunch
165 silly mapToRegistry using default registry
166 silly mapToRegistry registry https://registry.npmjs.org/
167 silly mapToRegistry uri https://registry.npmjs.org/css-brunch
168 verbose addRemoteTarball https://registry.npmjs.org/css-brunch/-/css-brunch-1.7.0.tgz not in flight; adding
169 verbose addRemoteTarball [ 'https://registry.npmjs.org/css-brunch/-/css-brunch-1.7.0.tgz',
169 verbose addRemoteTarball   '258c1b038a970840af0c6a8e5582f614050294da' ]
170 info retry fetch attempt 1 at 1:32:34 PM
171 info attempt registry request try #1 at 1:32:34 PM
172 http fetch GET https://registry.npmjs.org/css-brunch/-/css-brunch-1.7.0.tgz
173 info retry fetch attempt 1 at 1:32:34 PM
174 info attempt registry request try #1 at 1:32:34 PM
175 http fetch GET https://registry.npmjs.org/babel-brunch/-/babel-brunch-6.0.0.tgz
176 info retry fetch attempt 1 at 1:32:34 PM
177 info attempt registry request try #1 at 1:32:34 PM
178 http fetch GET https://registry.npmjs.org/javascript-brunch/-/javascript-brunch-1.8.0.tgz
179 http 200 https://registry.npmjs.org/clean-css-brunch
180 verbose headers { server: 'CouchDB/1.5.0 (Erlang OTP/R16B03)',
180 verbose headers   etag: '"5MPZPCMAI74IWZRADCMJFIHZW"',
180 verbose headers   'content-type': 'application/json',
180 verbose headers   'cache-control': 'max-age=300',
180 verbose headers   'content-length': '16128',
180 verbose headers   'accept-ranges': 'bytes',
180 verbose headers   date: 'Sat, 06 Feb 2016 18:32:34 GMT',
180 verbose headers   via: '1.1 varnish',
180 verbose headers   age: '0',
180 verbose headers   connection: 'keep-alive',
180 verbose headers   'x-served-by': 'cache-iad2122-IAD',
180 verbose headers   'x-cache': 'HIT',
180 verbose headers   'x-cache-hits': '1',
180 verbose headers   'x-timer': 'S1454783554.300069,VS0,VE99',
180 verbose headers   vary: 'Accept' }
181 silly get cb [ 200,
181 silly get   { server: 'CouchDB/1.5.0 (Erlang OTP/R16B03)',
181 silly get     etag: '"5MPZPCMAI74IWZRADCMJFIHZW"',
181 silly get     'content-type': 'application/json',
181 silly get     'cache-control': 'max-age=300',
181 silly get     'content-length': '16128',
181 silly get     'accept-ranges': 'bytes',
181 silly get     date: 'Sat, 06 Feb 2016 18:32:34 GMT',
181 silly get     via: '1.1 varnish',
181 silly get     age: '0',
181 silly get     connection: 'keep-alive',
181 silly get     'x-served-by': 'cache-iad2122-IAD',
181 silly get     'x-cache': 'HIT',
181 silly get     'x-cache-hits': '1',
181 silly get     'x-timer': 'S1454783554.300069,VS0,VE99',
181 silly get     vary: 'Accept' } ]
182 verbose get saving clean-css-brunch to /Users/draper/.npm/registry.npmjs.org/clean-css-brunch/.cache.json
183 silly resolveWithNewModule clean-css-brunch@1.8.0 checking installable status
184 silly cache add args [ 'clean-css-brunch@~1.8.0', null ]
185 verbose cache add spec clean-css-brunch@~1.8.0
186 silly cache add parsed spec Result {
186 silly cache add   raw: 'clean-css-brunch@~1.8.0',
186 silly cache add   scope: null,
186 silly cache add   name: 'clean-css-brunch',
186 silly cache add   rawSpec: '~1.8.0',
186 silly cache add   spec: '>=1.8.0 <1.9.0',
186 silly cache add   type: 'range' }
187 silly addNamed clean-css-brunch@>=1.8.0 <1.9.0
188 verbose addNamed ">=1.8.0 <1.9.0" is a valid semver range for clean-css-brunch
189 silly addNameRange { name: 'clean-css-brunch',
189 silly addNameRange   range: '>=1.8.0 <1.9.0',
189 silly addNameRange   hasData: false }
190 silly mapToRegistry name clean-css-brunch
191 silly mapToRegistry using default registry
192 silly mapToRegistry registry https://registry.npmjs.org/
193 silly mapToRegistry uri https://registry.npmjs.org/clean-css-brunch
194 verbose addNameRange registry:https://registry.npmjs.org/clean-css-brunch not in flight; fetching
195 verbose get https://registry.npmjs.org/clean-css-brunch not expired, no request
196 silly addNameRange number 2 { name: 'clean-css-brunch',
196 silly addNameRange   range: '>=1.8.0 <1.9.0',
196 silly addNameRange   hasData: true }
197 silly addNameRange versions [ 'clean-css-brunch',
197 silly addNameRange   [ '1.0.0',
197 silly addNameRange     '1.1.0',
197 silly addNameRange     '1.1.1',
197 silly addNameRange     '1.3.0',
197 silly addNameRange     '1.4.0',
197 silly addNameRange     '1.5.0',
197 silly addNameRange     '1.5.1',
197 silly addNameRange     '1.6.0',
197 silly addNameRange     '1.7.0',
197 silly addNameRange     '1.7.1',
197 silly addNameRange     '1.7.2',
197 silly addNameRange     '1.8.0',
197 silly addNameRange     '2.0.0' ] ]
198 silly addNamed clean-css-brunch@1.8.0
199 verbose addNamed "1.8.0" is a plain semver version for clean-css-brunch
200 silly mapToRegistry name clean-css-brunch
201 silly mapToRegistry using default registry
202 silly mapToRegistry registry https://registry.npmjs.org/
203 silly mapToRegistry uri https://registry.npmjs.org/clean-css-brunch
204 verbose addRemoteTarball https://registry.npmjs.org/clean-css-brunch/-/clean-css-brunch-1.8.0.tgz not in flight; adding
205 verbose addRemoteTarball [ 'https://registry.npmjs.org/clean-css-brunch/-/clean-css-brunch-1.8.0.tgz',
205 verbose addRemoteTarball   'efea5ac3e2a99d08155c6c14e1eef466757b0984' ]
206 info retry fetch attempt 1 at 1:32:34 PM
207 info attempt registry request try #1 at 1:32:34 PM
208 http fetch GET https://registry.npmjs.org/clean-css-brunch/-/clean-css-brunch-1.8.0.tgz
209 http fetch 200 https://registry.npmjs.org/javascript-brunch/-/javascript-brunch-1.8.0.tgz
210 http fetch 200 https://registry.npmjs.org/css-brunch/-/css-brunch-1.7.0.tgz
211 silly fetchAndShaCheck shasum 9d01b681f9e4f66bbe51cc1dbb70325ef3d831a5
212 silly fetchAndShaCheck shasum 258c1b038a970840af0c6a8e5582f614050294da
213 verbose addTmpTarball /var/folders/31/c8x0k6jj5pxg7nwcfsn8s9hm0000gn/T/npm-57764-75dd7aff/registry.npmjs.org/javascript-brunch/-/javascript-brunch-1.8.0.tgz not in flight; adding
214 verbose addTmpTarball already have metadata; skipping unpack for javascript-brunch@1.8.0
215 verbose addTmpTarball /var/folders/31/c8x0k6jj5pxg7nwcfsn8s9hm0000gn/T/npm-57764-75dd7aff/registry.npmjs.org/css-brunch/-/css-brunch-1.7.0.tgz not in flight; adding
216 verbose addTmpTarball already have metadata; skipping unpack for css-brunch@1.7.0
217 http fetch 200 https://registry.npmjs.org/babel-brunch/-/babel-brunch-6.0.0.tgz
218 silly fetchAndShaCheck shasum 5f4f4a577c6a4ac46733b9daf3a71f872a6c493b
219 verbose addTmpTarball /var/folders/31/c8x0k6jj5pxg7nwcfsn8s9hm0000gn/T/npm-57764-75dd7aff/registry.npmjs.org/babel-brunch/-/babel-brunch-6.0.0.tgz not in flight; adding
220 verbose addTmpTarball already have metadata; skipping unpack for babel-brunch@6.0.0
221 silly cache afterAdd javascript-brunch@1.8.0
222 verbose afterAdd /Users/draper/.npm/javascript-brunch/1.8.0/package/package.json not in flight; writing
223 silly cache afterAdd css-brunch@1.7.0
224 verbose afterAdd /Users/draper/.npm/css-brunch/1.7.0/package/package.json not in flight; writing
225 verbose afterAdd /Users/draper/.npm/javascript-brunch/1.8.0/package/package.json written
226 verbose afterAdd /Users/draper/.npm/css-brunch/1.7.0/package/package.json written
227 http 200 https://registry.npmjs.org/brunch
228 verbose headers { server: 'CouchDB/1.5.0 (Erlang OTP/R16B03)',
228 verbose headers   etag: '"E9EX7V6SQ505UJ29AWLU3ZP09"',
228 verbose headers   'content-type': 'application/json',
228 verbose headers   'cache-control': 'max-age=300',
228 verbose headers   'content-length': '192949',
228 verbose headers   'accept-ranges': 'bytes',
228 verbose headers   date: 'Sat, 06 Feb 2016 18:32:34 GMT',
228 verbose headers   via: '1.1 varnish',
228 verbose headers   age: '0',
228 verbose headers   connection: 'keep-alive',
228 verbose headers   'x-served-by': 'cache-iad2129-IAD',
228 verbose headers   'x-cache': 'MISS',
228 verbose headers   'x-cache-hits': '0',
228 verbose headers   'x-timer': 'S1454783554.309510,VS0,VE99',
228 verbose headers   vary: 'Accept' }
229 silly get cb [ 200,
229 silly get   { server: 'CouchDB/1.5.0 (Erlang OTP/R16B03)',
229 silly get     etag: '"E9EX7V6SQ505UJ29AWLU3ZP09"',
229 silly get     'content-type': 'application/json',
229 silly get     'cache-control': 'max-age=300',
229 silly get     'content-length': '192949',
229 silly get     'accept-ranges': 'bytes',
229 silly get     date: 'Sat, 06 Feb 2016 18:32:34 GMT',
229 silly get     via: '1.1 varnish',
229 silly get     age: '0',
229 silly get     connection: 'keep-alive',
229 silly get     'x-served-by': 'cache-iad2129-IAD',
229 silly get     'x-cache': 'MISS',
229 silly get     'x-cache-hits': '0',
229 silly get     'x-timer': 'S1454783554.309510,VS0,VE99',
229 silly get     vary: 'Accept' } ]
230 verbose get saving brunch to /Users/draper/.npm/registry.npmjs.org/brunch/.cache.json
231 silly cache afterAdd babel-brunch@6.0.0
232 verbose afterAdd /Users/draper/.npm/babel-brunch/6.0.0/package/package.json not in flight; writing
233 silly resolveWithNewModule brunch@2.1.3 checking installable status
234 silly cache add args [ 'brunch@~2.1.3', null ]
235 verbose cache add spec brunch@~2.1.3
236 silly cache add parsed spec Result {
236 silly cache add   raw: 'brunch@~2.1.3',
236 silly cache add   scope: null,
236 silly cache add   name: 'brunch',
236 silly cache add   rawSpec: '~2.1.3',
236 silly cache add   spec: '>=2.1.3 <2.2.0',
236 silly cache add   type: 'range' }
237 silly addNamed brunch@>=2.1.3 <2.2.0
238 verbose addNamed ">=2.1.3 <2.2.0" is a valid semver range for brunch
239 silly addNameRange { name: 'brunch', range: '>=2.1.3 <2.2.0', hasData: false }
240 silly mapToRegistry name brunch
241 silly mapToRegistry using default registry
242 silly mapToRegistry registry https://registry.npmjs.org/
243 silly mapToRegistry uri https://registry.npmjs.org/brunch
244 verbose addNameRange registry:https://registry.npmjs.org/brunch not in flight; fetching
245 verbose afterAdd /Users/draper/.npm/babel-brunch/6.0.0/package/package.json written
246 http fetch 200 https://registry.npmjs.org/clean-css-brunch/-/clean-css-brunch-1.8.0.tgz
247 silly fetchAndShaCheck shasum efea5ac3e2a99d08155c6c14e1eef466757b0984
248 verbose get https://registry.npmjs.org/brunch not expired, no request
249 silly addNameRange number 2 { name: 'brunch', range: '>=2.1.3 <2.2.0', hasData: true }
250 silly addNameRange versions [ 'brunch',
250 silly addNameRange   [ '0.0.1',
250 silly addNameRange     '0.0.2',
250 silly addNameRange     '0.0.3',
250 silly addNameRange     '0.0.4',
250 silly addNameRange     '0.0.5',
250 silly addNameRange     '0.0.6',
250 silly addNameRange     '0.0.7',
250 silly addNameRange     '0.0.8',
250 silly addNameRange     '0.1.0',
250 silly addNameRange     '0.1.1',
250 silly addNameRange     '0.1.3',
250 silly addNameRange     '0.1.4',
250 silly addNameRange     '0.1.5',
250 silly addNameRange     '0.1.6',
250 silly addNameRange     '0.1.7',
250 silly addNameRange     '0.1.8',
250 silly addNameRange     '0.1.9',
250 silly addNameRange     '0.2.0',
250 silly addNameRange     '0.2.1',
250 silly addNameRange     '0.2.2',
250 silly addNameRange     '0.2.3',
250 silly addNameRange     '0.2.4',
250 silly addNameRange     '0.2.6',
250 silly addNameRange     '0.2.7',
250 silly addNameRange     '0.2.8',
250 silly addNameRange     '0.3.0',
250 silly addNameRange     '0.3.1',
250 silly addNameRange     '0.3.2',
250 silly addNameRange     '0.3.4',
250 silly addNameRange     '0.3.5',
250 silly addNameRange     '0.3.6',
250 silly addNameRange     '0.3.7',
250 silly addNameRange     '0.4.0',
250 silly addNameRange     '0.4.1',
250 silly addNameRange     '0.4.2',
250 silly addNameRange     '0.4.3',
250 silly addNameRange     '0.4.4',
250 silly addNameRange     '0.4.5',
250 silly addNameRange     '0.5.1',
250 silly addNameRange     '0.5.2',
250 silly addNameRange     '0.5.3',
250 silly addNameRange     '0.5.4',
250 silly addNameRange     '0.5.5',
250 silly addNameRange     '0.5.6',
250 silly addNameRange     '0.6.0',
250 silly addNameRange     '0.6.1',
250 silly addNameRange     '0.6.2',
250 silly addNameRange     '0.7.0',
250 silly addNameRange     '0.7.1',
250 silly addNameRange     '0.7.2',
250 silly addNameRange     '0.7.3',
250 silly addNameRange     '0.7.4',
250 silly addNameRange     '0.8.0',
250 silly addNameRange     '0.8.1',
250 silly addNameRange     '0.9.0-beta1',
250 silly addNameRange     '0.9.0',
250 silly addNameRange     '0.9.1',
250 silly addNameRange     '1.0.0',
250 silly addNameRange     '1.0.1',
250 silly addNameRange     '1.0.2',
250 silly addNameRange     '1.0.3',
250 silly addNameRange     '1.1.0',
250 silly addNameRange     '1.1.1',
250 silly addNameRange     '1.1.2',
250 silly addNameRange     '1.2.0',
250 silly addNameRange     '1.2.1',
250 silly addNameRange     '1.2.2',
250 silly addNameRange     '1.3.0',
250 silly addNameRange     '1.3.1',
250 silly addNameRange     '1.3.2',
250 silly addNameRange     '1.3.3',
250 silly addNameRange     '1.3.4',
250 silly addNameRange     '1.4.0',
250 silly addNameRange     '1.4.1',
250 silly addNameRange     '1.4.2',
250 silly addNameRange     '1.4.3',
250 silly addNameRange     '1.4.4',
250 silly addNameRange     '1.4.5',
250 silly addNameRange     '1.5.0',
250 silly addNameRange     '1.5.1',
250 silly addNameRange     '1.5.2',
250 silly addNameRange     '1.5.3',
250 silly addNameRange     '1.5.4',
250 silly addNameRange     '1.6.0',
250 silly addNameRange     '1.6.1',
250 silly addNameRange     '1.6.2',
250 silly addNameRange     '1.6.3',
250 silly addNameRange     '1.6.4',
250 silly addNameRange     '1.6.5',
250 silly addNameRange     '1.6.6',
250 silly addNameRange     '1.6.7',
250 silly addNameRange     '1.7.0',
250 silly addNameRange     '1.7.1',
250 silly addNameRange     '1.7.2',
250 silly addNameRange     '1.7.3',
250 silly addNameRange     '1.7.4',
250 silly addNameRange     '1.7.5',
250 silly addNameRange     '1.7.6',
250 silly addNameRange     '1.7.7',
250 silly addNameRange     '1.7.8',
250 silly addNameRange     '1.7.9',
250 silly addNameRange     '1.7.10',
250 silly addNameRange     '1.7.12',
250 silly addNameRange     '1.7.13',
250 silly addNameRange     '1.7.14',
250 silly addNameRange     '1.7.15',
250 silly addNameRange     '1.7.16',
250 silly addNameRange     '1.7.17',
250 silly addNameRange     '1.7.18',
250 silly addNameRange     '1.7.19',
250 silly addNameRange     '1.7.20',
250 silly addNameRange     '1.8.0',
250 silly addNameRange     '1.8.1',
250 silly addNameRange     '1.8.2',
250 silly addNameRange     '1.8.3',
250 silly addNameRange     '1.8.4',
250 silly addNameRange     '1.8.5',
250 silly addNameRange     '2.0.0',
250 silly addNameRange     '2.0.1',
250 silly addNameRange     '2.0.2',
250 silly addNameRange     '2.0.3',
250 silly addNameRange     '2.0.4',
250 silly addNameRange     '2.1.0',
250 silly addNameRange     '2.1.1',
250 silly addNameRange     '2.1.2',
250 silly addNameRange     '2.1.3',
250 silly addNameRange     '2.2.0',
250 silly addNameRange     '2.2.1',
250 silly addNameRange     '2.2.2',
250 silly addNameRange     '2.2.3' ] ]
251 silly addNamed brunch@2.1.3
252 verbose addNamed "2.1.3" is a plain semver version for brunch
253 silly mapToRegistry name brunch
254 silly mapToRegistry using default registry
255 silly mapToRegistry registry https://registry.npmjs.org/
256 silly mapToRegistry uri https://registry.npmjs.org/brunch
257 verbose addRemoteTarball https://registry.npmjs.org/brunch/-/brunch-2.1.3.tgz not in flight; adding
258 verbose addRemoteTarball [ 'https://registry.npmjs.org/brunch/-/brunch-2.1.3.tgz',
258 verbose addRemoteTarball   'f695d23db6dd192e3d01a980fe57d5542a3d89d1' ]
259 verbose addTmpTarball /var/folders/31/c8x0k6jj5pxg7nwcfsn8s9hm0000gn/T/npm-57764-75dd7aff/registry.npmjs.org/clean-css-brunch/-/clean-css-brunch-1.8.0.tgz not in flight; adding
260 verbose addTmpTarball already have metadata; skipping unpack for clean-css-brunch@1.8.0
261 info retry fetch attempt 1 at 1:32:34 PM
262 info attempt registry request try #1 at 1:32:34 PM
263 http fetch GET https://registry.npmjs.org/brunch/-/brunch-2.1.3.tgz
264 silly cache afterAdd clean-css-brunch@1.8.0
265 verbose afterAdd /Users/draper/.npm/clean-css-brunch/1.8.0/package/package.json not in flight; writing
266 verbose afterAdd /Users/draper/.npm/clean-css-brunch/1.8.0/package/package.json written
267 http 200 https://registry.npmjs.org/uglify-js-brunch
268 verbose headers { server: 'CouchDB/1.5.0 (Erlang OTP/R16B03)',
268 verbose headers   etag: '"13FU9J8Y5W216UTLU2ZRS4T4M"',
268 verbose headers   'content-type': 'application/json',
268 verbose headers   'cache-control': 'max-age=300',
268 verbose headers   'content-length': '21492',
268 verbose headers   'accept-ranges': 'bytes',
268 verbose headers   date: 'Sat, 06 Feb 2016 18:32:34 GMT',
268 verbose headers   via: '1.1 varnish',
268 verbose headers   age: '0',
268 verbose headers   connection: 'keep-alive',
268 verbose headers   'x-served-by': 'cache-iad2129-IAD',
268 verbose headers   'x-cache': 'HIT',
268 verbose headers   'x-cache-hits': '1',
268 verbose headers   'x-timer': 'S1454783554.299739,VS0,VE398',
268 verbose headers   vary: 'Accept' }
269 silly get cb [ 200,
269 silly get   { server: 'CouchDB/1.5.0 (Erlang OTP/R16B03)',
269 silly get     etag: '"13FU9J8Y5W216UTLU2ZRS4T4M"',
269 silly get     'content-type': 'application/json',
269 silly get     'cache-control': 'max-age=300',
269 silly get     'content-length': '21492',
269 silly get     'accept-ranges': 'bytes',
269 silly get     date: 'Sat, 06 Feb 2016 18:32:34 GMT',
269 silly get     via: '1.1 varnish',
269 silly get     age: '0',
269 silly get     connection: 'keep-alive',
269 silly get     'x-served-by': 'cache-iad2129-IAD',
269 silly get     'x-cache': 'HIT',
269 silly get     'x-cache-hits': '1',
269 silly get     'x-timer': 'S1454783554.299739,VS0,VE398',
269 silly get     vary: 'Accept' } ]
270 verbose get saving uglify-js-brunch to /Users/draper/.npm/registry.npmjs.org/uglify-js-brunch/.cache.json
271 silly resolveWithNewModule uglify-js-brunch@1.7.8 checking installable status
272 silly cache add args [ 'uglify-js-brunch@~1.7.0', null ]
273 verbose cache add spec uglify-js-brunch@~1.7.0
274 silly cache add parsed spec Result {
274 silly cache add   raw: 'uglify-js-brunch@~1.7.0',
274 silly cache add   scope: null,
274 silly cache add   name: 'uglify-js-brunch',
274 silly cache add   rawSpec: '~1.7.0',
274 silly cache add   spec: '>=1.7.0 <1.8.0',
274 silly cache add   type: 'range' }
275 silly addNamed uglify-js-brunch@>=1.7.0 <1.8.0
276 verbose addNamed ">=1.7.0 <1.8.0" is a valid semver range for uglify-js-brunch
277 silly addNameRange { name: 'uglify-js-brunch',
277 silly addNameRange   range: '>=1.7.0 <1.8.0',
277 silly addNameRange   hasData: false }
278 silly mapToRegistry name uglify-js-brunch
279 silly mapToRegistry using default registry
280 silly mapToRegistry registry https://registry.npmjs.org/
281 silly mapToRegistry uri https://registry.npmjs.org/uglify-js-brunch
282 verbose addNameRange registry:https://registry.npmjs.org/uglify-js-brunch not in flight; fetching
283 verbose get https://registry.npmjs.org/uglify-js-brunch not expired, no request
284 silly addNameRange number 2 { name: 'uglify-js-brunch',
284 silly addNameRange   range: '>=1.7.0 <1.8.0',
284 silly addNameRange   hasData: true }
285 silly addNameRange versions [ 'uglify-js-brunch',
285 silly addNameRange   [ '1.0.0',
285 silly addNameRange     '1.1.0',
285 silly addNameRange     '1.1.1',
285 silly addNameRange     '1.3.0',
285 silly addNameRange     '1.3.1',
285 silly addNameRange     '1.5.0',
285 silly addNameRange     '1.5.1',
285 silly addNameRange     '1.7.0',
285 silly addNameRange     '1.7.1',
285 silly addNameRange     '1.7.2',
285 silly addNameRange     '1.7.3',
285 silly addNameRange     '1.7.4',
285 silly addNameRange     '1.7.5',
285 silly addNameRange     '1.7.6',
285 silly addNameRange     '1.7.7',
285 silly addNameRange     '1.7.8',
285 silly addNameRange     '2.0.0',
285 silly addNameRange     '2.0.1' ] ]
286 silly addNamed uglify-js-brunch@1.7.8
287 verbose addNamed "1.7.8" is a plain semver version for uglify-js-brunch
288 silly mapToRegistry name uglify-js-brunch
289 silly mapToRegistry using default registry
290 silly mapToRegistry registry https://registry.npmjs.org/
291 silly mapToRegistry uri https://registry.npmjs.org/uglify-js-brunch
292 verbose addRemoteTarball https://registry.npmjs.org/uglify-js-brunch/-/uglify-js-brunch-1.7.8.tgz not in flight; adding
293 verbose addRemoteTarball [ 'https://registry.npmjs.org/uglify-js-brunch/-/uglify-js-brunch-1.7.8.tgz',
293 verbose addRemoteTarball   'b36dffbcd19cfea27248d34797effef1ae9d3a62' ]
294 info retry fetch attempt 1 at 1:32:34 PM
295 info attempt registry request try #1 at 1:32:34 PM
296 http fetch GET https://registry.npmjs.org/uglify-js-brunch/-/uglify-js-brunch-1.7.8.tgz
297 http fetch 200 https://registry.npmjs.org/brunch/-/brunch-2.1.3.tgz
298 silly fetchAndShaCheck shasum f695d23db6dd192e3d01a980fe57d5542a3d89d1
299 verbose addTmpTarball /var/folders/31/c8x0k6jj5pxg7nwcfsn8s9hm0000gn/T/npm-57764-75dd7aff/registry.npmjs.org/brunch/-/brunch-2.1.3.tgz not in flight; adding
300 verbose addTmpTarball already have metadata; skipping unpack for brunch@2.1.3
301 http fetch 200 https://registry.npmjs.org/uglify-js-brunch/-/uglify-js-brunch-1.7.8.tgz
302 silly cache afterAdd brunch@2.1.3
303 verbose afterAdd /Users/draper/.npm/brunch/2.1.3/package/package.json not in flight; writing
304 silly fetchAndShaCheck shasum b36dffbcd19cfea27248d34797effef1ae9d3a62
305 verbose addTmpTarball /var/folders/31/c8x0k6jj5pxg7nwcfsn8s9hm0000gn/T/npm-57764-75dd7aff/registry.npmjs.org/uglify-js-brunch/-/uglify-js-brunch-1.7.8.tgz not in flight; adding
306 verbose addTmpTarball already have metadata; skipping unpack for uglify-js-brunch@1.7.8
307 verbose afterAdd /Users/draper/.npm/brunch/2.1.3/package/package.json written
308 silly cache afterAdd uglify-js-brunch@1.7.8
309 verbose afterAdd /Users/draper/.npm/uglify-js-brunch/1.7.8/package/package.json not in flight; writing
310 verbose afterAdd /Users/draper/.npm/uglify-js-brunch/1.7.8/package/package.json written
311 silly rollbackFailedOptional Starting
312 silly rollbackFailedOptional Finishing
313 silly runTopLevelLifecycles Starting
314 silly runTopLevelLifecycles Finishing
315 silly install printInstalled
316 verbose stack Error: ENOENT: no such file or directory, open '/Users/draper/code/community/deps/phoenix'
316 verbose stack     at Error (native)
317 verbose cwd /Users/draper/code/community
318 error Darwin 15.3.0
319 error argv "/usr/local/Cellar/node/5.5.0/bin/node" "/usr/local/bin/npm" "install"
320 error node v5.5.0
321 error npm  v3.5.3
322 error path /Users/draper/code/community/deps/phoenix
323 error code ENOENT
324 error errno -2
325 error syscall open
326 error enoent ENOENT: no such file or directory, open '/Users/draper/code/community/deps/phoenix'
327 error enoent ENOENT: no such file or directory, open '/Users/draper/code/community/deps/phoenix'
327 error enoent This is most likely not a problem with npm itself
327 error enoent and is related to npm not being able to find a file.
328 verbose exit [ -2, true ]
